[debug] [2020-01-10T11:24:08.819Z] ----------------------------------------------------------------------
[debug] [2020-01-10T11:24:08.821Z] Command:       C:\Program Files\nodejs\node.exe C:\Users\araka\AppData\Roaming\npm\node_modules\firebase-tools\lib\bin\firebase.js serve
[debug] [2020-01-10T11:24:08.821Z] CLI Version:   7.11.0
[debug] [2020-01-10T11:24:08.821Z] Platform:      win32
[debug] [2020-01-10T11:24:08.821Z] Node Version:  v12.14.0
[debug] [2020-01-10T11:24:08.822Z] Time:          Fri Jan 10 2020 12:24:08 GMT+0100 (Central European Standard Time)
[debug] [2020-01-10T11:24:08.822Z] ----------------------------------------------------------------------
[debug] [2020-01-10T11:24:08.822Z] 
[debug] [2020-01-10T11:24:08.831Z] > command requires scopes: ["email","openid","https://www.googleapis.com/auth/cloudplatformprojects.readonly","https://www.googleapis.com/auth/firebase","https://www.googleapis.com/auth/cloud-platform"]
[debug] [2020-01-10T11:24:08.831Z] > authorizing via signed-in user
[debug] [2020-01-10T11:24:08.831Z] [iam] checking project helloworldclothes-app for permissions ["firebase.projects.get"]
[debug] [2020-01-10T11:24:08.833Z] >>> HTTP REQUEST POST https://cloudresourcemanager.googleapis.com/v1/projects/helloworldclothes-app:testIamPermissions  

[debug] [2020-01-10T11:24:09.654Z] <<< HTTP RESPONSE 200
[debug] [2020-01-10T11:24:09.658Z] >>> HTTP REQUEST GET https://firebase.googleapis.com/v1beta1/projects/helloworldclothes-app  
 
[debug] [2020-01-10T11:24:09.890Z] <<< HTTP RESPONSE 200
[info] 
[info] === Serving from 'C:\Users\araka\Documents\GitHub\helloworldcloths'...
[info] 
[debug] [2020-01-10T11:24:09.911Z] >>> HTTP REQUEST GET https://firebase.googleapis.com/v1beta1/projects/helloworldclothes-app/webApps/-/config  
 
[debug] [2020-01-10T11:24:10.561Z] <<< HTTP RESPONSE 200
[info] i  hosting: Serving hosting files from: public
[info] +  hosting: Local server: http://localhost:5000
